<?xml version="1.0" encoding="UTF-8"?>
<testsuite name="co.com.nequi.franchise.usecase.franchise.CreateFranchiseUseCaseTest" tests="2" skipped="0" failures="0" errors="0" timestamp="2026-07-14T22:26:20" hostname="LAPTOP-ANDRE" time="0.042">
  <properties/>
  <testcase name="createsFranchiseWithGeneratedIdWhenNameIsFree()" classname="co.com.nequi.franchise.usecase.franchise.CreateFranchiseUseCaseTest" time="0.034"/>
  <testcase name="rejectsDuplicateNameAndDoesNotPersist()" classname="co.com.nequi.franchise.usecase.franchise.CreateFranchiseUseCaseTest" time="0.005"/>
  <system-out><![CDATA[]]></system-out>
  <system-err><![CDATA[]]></system-err>
</testsuite>
