<?xml version="1.0" encoding="UTF-8"?>
<testsuite name="co.com.nequi.franchise.usecase.branch.BranchUseCasesTest" tests="4" skipped="0" failures="0" errors="0" timestamp="2026-07-14T22:26:16" hostname="LAPTOP-ANDRE" time="4.373">
  <properties/>
  <testcase name="addsBranchUnderAnExistingFranchise()" classname="co.com.nequi.franchise.usecase.branch.BranchUseCasesTest" time="4.278"/>
  <testcase name="refusesToRenameBranchOfAnotherFranchise()" classname="co.com.nequi.franchise.usecase.branch.BranchUseCasesTest" time="0.057"/>
  <testcase name="refusesToAddBranchToAFranchiseThatDoesNotExist()" classname="co.com.nequi.franchise.usecase.branch.BranchUseCasesTest" time="0.009"/>
  <testcase name="renamesBranchThatBelongsToTheFranchise()" classname="co.com.nequi.franchise.usecase.branch.BranchUseCasesTest" time="0.014"/>
  <system-out><![CDATA[]]></system-out>
  <system-err><![CDATA[WARNING: A Java agent has been loaded dynamically (C:\Users\bruno\.gradle\caches\modules-2\files-2.1\net.bytebuddy\byte-buddy-agent\1.14.9\dfb8707031008535048bad2b69735f46d0b6c5e5\byte-buddy-agent-1.14.9.jar)
WARNING: If a serviceability tool is in use, please run with -XX:+EnableDynamicAgentLoading to hide this warning
WARNING: If a serviceability tool is not in use, please run with -Djdk.instrument.traceUsage for more information
WARNING: Dynamic loading of agents will be disallowed by default in a future release
]]></system-err>
</testsuite>
