<?xml version="1.0" encoding="UTF-8"?>
<testsuite name="co.com.nequi.franchise.r2dbc.adapter.RepositoryAdaptersTest" tests="13" skipped="0" failures="0" errors="0" timestamp="2026-07-14T22:27:08" hostname="LAPTOP-ANDRE" time="3.149">
  <properties/>
  <testcase name="updateProductUsesUpdate()" classname="co.com.nequi.franchise.r2dbc.adapter.RepositoryAdaptersTest" time="3.014"/>
  <testcase name="findBranchByIdMapsTheEntity()" classname="co.com.nequi.franchise.r2dbc.adapter.RepositoryAdaptersTest" time="0.018"/>
  <testcase name="createProductCarriesNameStockAndBranch()" classname="co.com.nequi.franchise.r2dbc.adapter.RepositoryAdaptersTest" time="0.007"/>
  <testcase name="createFranchiseInsertsAndMapsBackToTheDomain()" classname="co.com.nequi.franchise.r2dbc.adapter.RepositoryAdaptersTest" time="0.013"/>
  <testcase name="createBranchKeepsTheFranchiseItBelongsTo()" classname="co.com.nequi.franchise.r2dbc.adapter.RepositoryAdaptersTest" time="0.007"/>
  <testcase name="topStockRowsAreMappedToTheDomainProjection()" classname="co.com.nequi.franchise.r2dbc.adapter.RepositoryAdaptersTest" time="0.022"/>
  <testcase name="findFranchiseByIdMapsTheEntity()" classname="co.com.nequi.franchise.r2dbc.adapter.RepositoryAdaptersTest" time="0.006"/>
  <testcase name="findFranchiseByIdIsEmptyWhenTheRowDoesNotExist()" classname="co.com.nequi.franchise.r2dbc.adapter.RepositoryAdaptersTest" time="0.007"/>
  <testcase name="updateFranchiseUsesUpdateAndNotInsert()" classname="co.com.nequi.franchise.r2dbc.adapter.RepositoryAdaptersTest" time="0.007"/>
  <testcase name="updateBranchUsesUpdate()" classname="co.com.nequi.franchise.r2dbc.adapter.RepositoryAdaptersTest" time="0.008"/>
  <testcase name="deleteProductCompletesEmpty()" classname="co.com.nequi.franchise.r2dbc.adapter.RepositoryAdaptersTest" time="0.005"/>
  <testcase name="existsByNameDelegatesToTheRepository()" classname="co.com.nequi.franchise.r2dbc.adapter.RepositoryAdaptersTest" time="0.008"/>
  <testcase name="findProductByIdMapsTheEntity()" classname="co.com.nequi.franchise.r2dbc.adapter.RepositoryAdaptersTest" time="0.006"/>
  <system-out><![CDATA[]]></system-out>
  <system-err><![CDATA[WARNING: A Java agent has been loaded dynamically (C:\Users\bruno\.gradle\caches\modules-2\files-2.1\net.bytebuddy\byte-buddy-agent\1.14.9\dfb8707031008535048bad2b69735f46d0b6c5e5\byte-buddy-agent-1.14.9.jar)
WARNING: If a serviceability tool is in use, please run with -XX:+EnableDynamicAgentLoading to hide this warning
WARNING: If a serviceability tool is not in use, please run with -Djdk.instrument.traceUsage for more information
WARNING: Dynamic loading of agents will be disallowed by default in a future release
]]></system-err>
</testsuite>
