<?xml version="1.0" encoding="UTF-8"?>
<testsuite name="co.com.nequi.franchise.r2dbc.resilience.ResilienceDecoratorTest" tests="5" skipped="0" failures="0" errors="0" timestamp="2026-07-14T22:27:11" hostname="LAPTOP-ANDRE" time="0.804">
  <properties/>
  <testcase name="retriesTransientFailuresUpToTheConfiguredNumberOfAttempts()" classname="co.com.nequi.franchise.r2dbc.resilience.ResilienceDecoratorTest" time="0.329"/>
  <testcase name="passesSuccessfulCallsThroughUntouched()" classname="co.com.nequi.franchise.r2dbc.resilience.ResilienceDecoratorTest" time="0.002"/>
  <testcase name="failsSlowCallsWithATimeout()" classname="co.com.nequi.franchise.r2dbc.resilience.ResilienceDecoratorTest" time="0.361"/>
  <testcase name="succeedsWhenARetryRecoversFromATransientFailure()" classname="co.com.nequi.franchise.r2dbc.resilience.ResilienceDecoratorTest" time="0.014"/>
  <testcase name="opensTheCircuitAfterRepeatedFailuresAndRejectsFurtherCalls()" classname="co.com.nequi.franchise.r2dbc.resilience.ResilienceDecoratorTest" time="0.086"/>
  <system-out><![CDATA[]]></system-out>
  <system-err><![CDATA[]]></system-err>
</testsuite>
