<?xml version="1.0" encoding="UTF-8"?>
<testsuite name="co.com.nequi.franchise.r2dbc.R2dbcAdapterIntegrationTest" tests="6" skipped="6" failures="0" errors="0" timestamp="2026-07-14T22:27:08" hostname="LAPTOP-ANDRE" time="0.005">
  <properties/>
  <testcase name="returnsTheHighestStockProductOfEachBranch()" classname="co.com.nequi.franchise.r2dbc.R2dbcAdapterIntegrationTest" time="0.0">
    <skipped/>
  </testcase>
  <testcase name="deletesAProduct()" classname="co.com.nequi.franchise.r2dbc.R2dbcAdapterIntegrationTest" time="0.0">
    <skipped/>
  </testcase>
  <testcase name="insertsAndReadsBackAFranchise()" classname="co.com.nequi.franchise.r2dbc.R2dbcAdapterIntegrationTest" time="0.0">
    <skipped/>
  </testcase>
  <testcase name="existsByNameReportsTheNameIsTaken()" classname="co.com.nequi.franchise.r2dbc.R2dbcAdapterIntegrationTest" time="0.001">
    <skipped/>
  </testcase>
  <testcase name="findByIdIsEmptyWhenTheFranchiseIsUnknown()" classname="co.com.nequi.franchise.r2dbc.R2dbcAdapterIntegrationTest" time="0.0">
    <skipped/>
  </testcase>
  <testcase name="updateChangesTheRowInsteadOfInsertingASecondOne()" classname="co.com.nequi.franchise.r2dbc.R2dbcAdapterIntegrationTest" time="0.0">
    <skipped/>
  </testcase>
  <system-out><![CDATA[]]></system-out>
  <system-err><![CDATA[]]></system-err>
</testsuite>
