<?xml version="1.0" encoding="UTF-8"?>
<testsuite xmlns:xsi="http://www.w3.org/2001/XMLSchema-instance" xsi:noNamespaceSchemaLocation="https://maven.apache.org/surefire/maven-surefire-plugin/xsd/surefire-test-report.xsd" version="3.0.2" name="co.com.nequi.franchise.r2dbc.adapter.RepositoryAdaptersTest" time="2.697" tests="13" errors="0" skipped="0" failures="0">
  <properties>
[...]
</properties>
  <testcase name="updateProductUsesUpdate" classname="co.com.nequi.franchise.r2dbc.adapter.RepositoryAdaptersTest" time="2.53">
    <system-err><![CDATA[WARNING: A Java agent has been loaded dynamically (C:\Users\bruno\.m2\repository\net\bytebuddy\byte-buddy-agent\1.14.19\byte-buddy-agent-1.14.19.jar)
WARNING: If a serviceability tool is in use, please run with -XX:+EnableDynamicAgentLoading to hide this warning
WARNING: If a serviceability tool is not in use, please run with -Djdk.instrument.traceUsage for more information
WARNING: Dynamic loading of agents will be disallowed by default in a future release
]]></system-err>
  </testcase>
  <testcase name="findBranchByIdMapsTheEntity" classname="co.com.nequi.franchise.r2dbc.adapter.RepositoryAdaptersTest" time="0.015"/>
  <testcase name="createProductCarriesNameStockAndBranch" classname="co.com.nequi.franchise.r2dbc.adapter.RepositoryAdaptersTest" time="0.006"/>
  <testcase name="createFranchiseInsertsAndMapsBackToTheDomain" classname="co.com.nequi.franchise.r2dbc.adapter.RepositoryAdaptersTest" time="0.01"/>
  <testcase name="createBranchKeepsTheFranchiseItBelongsTo" classname="co.com.nequi.franchise.r2dbc.adapter.RepositoryAdaptersTest" time="0.006"/>
  <testcase name="topStockRowsAreMappedToTheDomainProjection" classname="co.com.nequi.franchise.r2dbc.adapter.RepositoryAdaptersTest" time="0.017"/>
  <testcase name="findFranchiseByIdMapsTheEntity" classname="co.com.nequi.franchise.r2dbc.adapter.RepositoryAdaptersTest" time="0.005"/>
  <testcase name="findFranchiseByIdIsEmptyWhenTheRowDoesNotExist" classname="co.com.nequi.franchise.r2dbc.adapter.RepositoryAdaptersTest" time="0.007"/>
  <testcase name="updateFranchiseUsesUpdateAndNotInsert" classname="co.com.nequi.franchise.r2dbc.adapter.RepositoryAdaptersTest" time="0.006"/>
  <testcase name="updateBranchUsesUpdate" classname="co.com.nequi.franchise.r2dbc.adapter.RepositoryAdaptersTest" time="0.005"/>
  <testcase name="deleteProductCompletesEmpty" classname="co.com.nequi.franchise.r2dbc.adapter.RepositoryAdaptersTest" time="0.004"/>
  <testcase name="existsByNameDelegatesToTheRepository" classname="co.com.nequi.franchise.r2dbc.adapter.RepositoryAdaptersTest" time="0.005"/>
  <testcase name="findProductByIdMapsTheEntity" classname="co.com.nequi.franchise.r2dbc.adapter.RepositoryAdaptersTest" time="0.005"/>
</testsuite>