<?xml version="1.0" encoding="UTF-8"?>
<testsuite xmlns:xsi="http://www.w3.org/2001/XMLSchema-instance" xsi:noNamespaceSchemaLocation="https://maven.apache.org/surefire/maven-surefire-plugin/xsd/surefire-test-report.xsd" version="3.0.2" name="co.com.nequi.franchise.usecase.franchise.CreateFranchiseUseCaseTest" time="0.037" tests="2" errors="0" skipped="0" failures="0">
  <properties>
[...]
</properties>
  <testcase name="createsFranchiseWithGeneratedIdWhenNameIsFree" classname="co.com.nequi.franchise.usecase.franchise.CreateFranchiseUseCaseTest" time="0.025"/>
  <testcase name="rejectsDuplicateNameAndDoesNotPersist" classname="co.com.nequi.franchise.usecase.franchise.CreateFranchiseUseCaseTest" time="0.005"/>
</testsuite>